<?xml version="1.0" encoding="UTF-8" standalone="no"?>
<testsuite errors="0" failures="0" name="io.cucumber.core.plugin.JUnitFormatter" skipped="0" tests="2" time="10.813">
    <testcase classname="feature to test google search fuctionallity" name="Validate google search is working" time="6.476">
        <system-out>
            <![CDATA[Given browser is open.......................................................passed
And user is on google search page...........................................passed
When user enters a text in search box.......................................passed
And hits enter..............................................................passed
Then user is navigated to search results....................................passed
]]>
        </system-out>
    </testcase>
    <testcase classname="Test login" name="Check login is successful with valid credentials" time="4.178">
        <system-out>
            <![CDATA[Given user browser is open..................................................passed
And user is on login paga...................................................passed
When user enters username and password......................................passed
And user clicks on login....................................................passed
Then user is navigated to the home page.....................................passed
]]>
        </system-out>
    </testcase>
</testsuite>
